<?xml version="1.0" encoding="UTF-8"?>
<!-- Generated by org.testng.reporters.JUnitReportReporter -->
<testsuite hostname="BALAGAM" failures="0" tests="3" name="testngtestcases.login" time="0.020" errors="0" timestamp="2024-12-29T10:17:28 IST" skipped="0">
  <testcase classname="testngtestcases.login" name="loginbyemail" time="0.015"/>
  <system-out/>
  <testcase classname="testngtestcases.login" name="loginbyfb" time="0.003"/>
  <system-out/>
  <testcase classname="testngtestcases.login" name="loginbytwitter" time="0.002"/>
  <system-out/>
</testsuite> <!-- testngtestcases.login -->
