<?xml version="1.0" encoding="UTF-8"?>
<!-- Generated by org.testng.reporters.JUnitReportReporter -->
<testsuite hostname="BALAGAM" failures="0" tests="4" name="testngtestcases.NewTest" time="4.397" errors="0" timestamp="2024-12-29T08:53:51 IST" skipped="0">
  <testcase classname="testngtestcases.NewTest" name="openapp" time="4.184"/>
  <system-out/>
  <testcase classname="testngtestcases.NewTest" name="testlogo" time="0.075"/>
  <system-out/>
  <testcase classname="testngtestcases.NewTest" name="login" time="0.001"/>
  <system-out/>
  <testcase classname="testngtestcases.NewTest" name="close" time="0.137"/>
  <system-out/>
</testsuite> <!-- testngtestcases.NewTest -->
