<?xml version="1.0" encoding="UTF-8"?>
<!-- Generated by org.testng.reporters.JUnitReportReporter -->
<testsuite hostname="BALAGAM" failures="0" tests="4" name="testngtestcases.testcase" time="0.034" errors="0" timestamp="2024-12-29T09:12:32 IST" skipped="0">
  <testcase classname="testngtestcases.testcase" name="testcase1" time="0.020"/>
  <system-out/>
  <testcase classname="testngtestcases.testcase" name="testcase2" time="0.002"/>
  <system-out/>
  <testcase classname="testngtestcases.testcase" name="loing" time="0.005"/>
  <system-out/>
  <testcase classname="testngtestcases.testcase" name="doactions" time="0.007"/>
  <system-out/>
</testsuite> <!-- testngtestcases.testcase -->
