<?xml version="1.0" encoding="UTF-8"?>
<!-- Generated by org.testng.reporters.JUnitReportReporter -->
<testsuite hostname="BALAGAM" failures="0" tests="3" name="testngtestcases.signup" time="0.019" errors="0" timestamp="2024-12-29T10:18:58 IST" skipped="0">
  <testcase classname="testngtestcases.signup" name="signupbyemail" time="0.015"/>
  <system-out/>
  <testcase classname="testngtestcases.signup" name="singupbyfb" time="0.002"/>
  <system-out/>
  <testcase classname="testngtestcases.signup" name="signupbytwitter" time="0.002"/>
  <system-out/>
</testsuite> <!-- testngtestcases.signup -->
