<?xml version="1.0" encoding="UTF-8"?>
<!-- Generated by org.testng.reporters.JUnitReportReporter -->
<testsuite hostname="BALAGAM" failures="0" tests="2" name="listners.testcase" time="0.018" errors="0" timestamp="2024-12-29T13:24:43 IST" skipped="0">
  <testcase classname="listners.testcase" name="testcase2" time="0.002"/>
  <system-out/>
  <testcase classname="listners.testcase" name="testcase1" time="0.016"/>
  <system-out/>
</testsuite> <!-- listners.testcase -->
