<?xml version="1.0" encoding="UTF-8"?>
<!-- Generated by org.testng.reporters.JUnitReportReporter -->
<testsuite hostname="BALAGAM" failures="0" tests="1" name="testngtestcases.payments" time="0.002" errors="0" timestamp="2024-12-29T10:18:32 IST" skipped="0">
  <testcase classname="testngtestcases.payments" name="Paymentbydolla" time="0.002"/>
  <system-out/>
</testsuite> <!-- testngtestcases.payments -->
