<?xml version="1.0" encoding="UTF-8"?>
<!-- Generated by org.testng.reporters.JUnitReportReporter -->
<testsuite hostname="BALAGAM" failures="0" tests="2" name="testngtestcases.annotatiosn" time="0.010" errors="0" timestamp="2024-12-29T09:12:32 IST" skipped="0">
  <testcase classname="testngtestcases.annotatiosn" name="testcase1" time="0.004"/>
  <system-out/>
  <testcase classname="testngtestcases.annotatiosn" name="testcase2" time="0.006"/>
  <system-out/>
</testsuite> <!-- testngtestcases.annotatiosn -->
