<?xml version="1.0" encoding="UTF-8"?>
<!-- Generated by org.testng.reporters.JUnitReportReporter -->
<testsuite hostname="BALAGAM" failures="0" tests="3" name="parameter.dataprovider" time="0.023" errors="0" timestamp="2024-12-29T11:52:10 IST" skipped="0">
  <testcase classname="parameter.dataprovider" name="login" time="0.001"/>
  <system-out/>
  <testcase classname="parameter.dataprovider" name="login" time="0.019"/>
  <system-out/>
  <testcase classname="parameter.dataprovider" name="login" time="0.003"/>
  <system-out/>
</testsuite> <!-- parameter.dataprovider -->
