<?xml version="1.0" encoding="UTF-8"?>
<!-- Generated by org.testng.reporters.JUnitReportReporter -->
<testsuite hostname="BALAGAM" failures="0" tests="2" name="testngtestcases.assertions" time="0.025" errors="0" timestamp="2024-12-29T10:01:07 IST" skipped="0">
  <testcase classname="testngtestcases.assertions" name="depends" time="0.005"/>
  <system-out/>
  <testcase classname="testngtestcases.assertions" name="testcase" time="0.020"/>
  <system-out/>
</testsuite> <!-- testngtestcases.assertions -->
